<?xml version="1.0" encoding="UTF-8"?>
<!-- Generated by org.testng.reporters.JUnitXMLReporter -->
<testsuite ignored="0" hostname="MacBook-Pro-de-ITamin.local" failures="0" tests="3" name="Surefire test" time="10.849" errors="0" timestamp="2026-01-06T17:43:37 CST">
  <testcase classname="com.practice.automation.ui.HomePageTest" name="shouldOpenHomePage" time="3.017"/>
  <testcase classname="com.practice.automation.api.ProductsApiTest" name="getProductsList" time="2.058"/>
  <testcase classname="com.practice.automation.api.AuthApiTest" name="invalidLoginShouldFail" time="2.457"/>
</testsuite> <!-- Surefire test -->
